[0.090s] Invoking command in '/home/haru/ros2_ws/src/detector2d/detector2d_plugins/src/build/yolox_param': CMAKE_PREFIX_PATH=${CMAKE_PREFIX_PATH}:/home/haru/ros2_ws/install/realsense2_camera_msgs:/home/haru/ros2_ws/install/py_pubsub:/home/haru/ros2_ws/install/object_detection:/opt/ros/humble /home/haru/.local/bin/cmake /home/haru/ros2_ws/src/detector2d/detector2d_plugins/src/yolox_ros/yolox_ros_cpp/yolox_param -DCMAKE_INSTALL_PREFIX=/home/haru/ros2_ws/src/detector2d/detector2d_plugins/src/install/yolox_param
[0.153s] -- The C compiler identification is GNU 11.4.0
[0.205s] -- The CXX compiler identification is GNU 11.4.0
[0.220s] -- Detecting C compiler ABI info
[0.278s] -- Detecting C compiler ABI info - done
[0.290s] -- Check for working C compiler: /usr/bin/cc - skipped
[0.290s] -- Detecting C compile features
[0.291s] -- Detecting C compile features - done
[0.299s] -- Detecting CXX compiler ABI info
[0.368s] -- Detecting CXX compiler ABI info - done
[0.383s] -- Check for working CXX compiler: /usr/bin/c++ - skipped
[0.384s] -- Detecting CXX compile features
[0.384s] -- Detecting CXX compile features - done
[0.389s] -- Found ament_cmake_auto: 1.3.6 (/opt/ros/humble/share/ament_cmake_auto/cmake)
[1.162s] -- Found Python3: /usr/bin/python3.10 (found version "3.10.12") found components: Interpreter 
[1.352s] -- Found parameter_traits: 0.3.6 (/opt/ros/humble/share/parameter_traits/cmake)
[1.434s] -- Found rosidl_generator_c: 3.1.5 (/opt/ros/humble/share/rosidl_generator_c/cmake)
[1.444s] -- Found rosidl_adapter: 3.1.5 (/opt/ros/humble/share/rosidl_adapter/cmake)
[1.459s] -- Found rosidl_generator_cpp: 3.1.5 (/opt/ros/humble/share/rosidl_generator_cpp/cmake)
[1.478s] -- Using all available rosidl_typesupport_c: rosidl_typesupport_fastrtps_c;rosidl_typesupport_introspection_c
[1.506s] -- Using all available rosidl_typesupport_cpp: rosidl_typesupport_fastrtps_cpp;rosidl_typesupport_introspection_cpp
[1.602s] -- Found rmw_implementation_cmake: 6.1.1 (/opt/ros/humble/share/rmw_implementation_cmake/cmake)
[1.607s] -- Found rmw_fastrtps_cpp: 6.2.5 (/opt/ros/humble/share/rmw_fastrtps_cpp/cmake)
[1.724s] -- Found OpenSSL: /usr/lib/x86_64-linux-gnu/libcrypto.so (found version "3.0.2")  
[1.759s] -- Found FastRTPS: /opt/ros/humble/include  
[1.816s] -- Using RMW implementation 'rmw_fastrtps_cpp' as default
[1.834s] -- Performing Test CMAKE_HAVE_LIBC_PTHREAD
[1.892s] -- Performing Test CMAKE_HAVE_LIBC_PTHREAD - Success
[1.893s] -- Found Threads: TRUE  
[2.087s] -- Found rclcpp_lifecycle: 16.0.7 (/opt/ros/humble/share/rclcpp_lifecycle/cmake)
[2.137s] -- Found ament_lint_auto: 0.12.9 (/opt/ros/humble/share/ament_lint_auto/cmake)
[2.183s] -- Added test 'copyright' to check source files copyright and LICENSE
[2.186s] -- Added test 'lint_cmake' to check CMake code style
[2.187s] -- Added test 'xmllint' to check XML markup files
[2.191s] -- Configuring done (2.1s)
[2.197s] -- Generating done (0.0s)
[2.199s] -- Build files have been written to: /home/haru/ros2_ws/src/detector2d/detector2d_plugins/src/build/yolox_param
