[1.079s] [34mcolcon[0m [1;30mDEBUG[0m [32mCommand line arguments: ['/usr/bin/colcon', 'build'][0m
[1.079s] [34mcolcon[0m [1;30mDEBUG[0m [32mParsed command line arguments: Namespace(log_base=None, log_level=None, verb_name='build', build_base='build', install_base='install', merge_install=False, symlink_install=False, test_result_base=None, continue_on_error=False, executor='parallel', parallel_workers=12, event_handlers=None, ignore_user_meta=False, metas=['./colcon.meta'], base_paths=['.'], packages_ignore=None, packages_ignore_regex=None, paths=None, packages_up_to=None, packages_up_to_regex=None, packages_above=None, packages_above_and_dependencies=None, packages_above_depth=None, packages_select_by_dep=None, packages_skip_by_dep=None, packages_skip_up_to=None, packages_select_build_failed=False, packages_skip_build_finished=False, packages_select_test_failures=False, packages_skip_test_passed=False, packages_select=None, packages_skip=None, packages_select_regex=None, packages_skip_regex=None, packages_start=None, packages_end=None, allow_overriding=[], cmake_args=None, cmake_target=None, cmake_target_skip_unavailable=False, cmake_clean_cache=False, cmake_clean_first=False, cmake_force_configure=False, ament_cmake_args=None, catkin_cmake_args=None, catkin_skip_building_tests=False, verb_parser=<colcon_defaults.argument_parser.defaults.DefaultArgumentsDecorator object at 0x7f098cadc220>, verb_extension=<colcon_core.verb.build.BuildVerb object at 0x7f098cadc700>, main=<bound method BuildVerb.main of <colcon_core.verb.build.BuildVerb object at 0x7f098cadc700>>)[0m
[1.125s] [34mcolcon.colcon_core.package_discovery[0m [1;30mLevel 1[0m discover_packages(colcon_meta) check parameters
[1.125s] [34mcolcon.colcon_core.package_discovery[0m [1;30mLevel 1[0m discover_packages(recursive) check parameters
[1.125s] [34mcolcon.colcon_core.package_discovery[0m [1;30mLevel 1[0m discover_packages(ignore) check parameters
[1.125s] [34mcolcon.colcon_core.package_discovery[0m [1;30mLevel 1[0m discover_packages(path) check parameters
[1.125s] [34mcolcon.colcon_core.package_discovery[0m [1;30mLevel 1[0m discover_packages(colcon_meta) discover
[1.125s] [34mcolcon.colcon_core.package_discovery[0m [1;30mLevel 1[0m discover_packages(recursive) discover
[1.125s] [34mcolcon.colcon_core.package_discovery[0m [1;30mINFO[0m Crawling recursively for packages in '/home/haru/ros2_ws/src/detector2d/detector2d_plugins/src'
[1.125s] [34mcolcon.colcon_core.package_identification[0m [1;30mLevel 1[0m _identify(.) by extensions ['ignore', 'ignore_ament_install']
[1.125s] [34mcolcon.colcon_core.package_identification[0m [1;30mLevel 1[0m _identify(.) by extension 'ignore'
[1.125s] [34mcolcon.colcon_core.package_identification[0m [1;30mLevel 1[0m _identify(.) by extension 'ignore_ament_install'
[1.125s] [34mcolcon.colcon_core.package_identification[0m [1;30mLevel 1[0m _identify(.) by extensions ['colcon_pkg']
[1.125s] [34mcolcon.colcon_core.package_identification[0m [1;30mLevel 1[0m _identify(.) by extension 'colcon_pkg'
[1.125s] [34mcolcon.colcon_core.package_identification[0m [1;30mLevel 1[0m _identify(.) by extensions ['colcon_meta']
[1.125s] [34mcolcon.colcon_core.package_identification[0m [1;30mLevel 1[0m _identify(.) by extension 'colcon_meta'
[1.125s] [34mcolcon.colcon_core.package_identification[0m [1;30mLevel 1[0m _identify(.) by extensions ['ros']
[1.125s] [34mcolcon.colcon_core.package_identification[0m [1;30mLevel 1[0m _identify(.) by extension 'ros'
[1.134s] [34mcolcon.colcon_core.package_identification[0m [1;30mLevel 1[0m _identify(.) by extensions ['cmake', 'python']
[1.134s] [34mcolcon.colcon_core.package_identification[0m [1;30mLevel 1[0m _identify(.) by extension 'cmake'
[1.134s] [34mcolcon.colcon_core.package_identification[0m [1;30mLevel 1[0m _identify(.) by extension 'python'
[1.134s] [34mcolcon.colcon_core.package_identification[0m [1;30mLevel 1[0m _identify(.) by extensions ['python_setup_py']
[1.134s] [34mcolcon.colcon_core.package_identification[0m [1;30mLevel 1[0m _identify(.) by extension 'python_setup_py'
[1.134s] [34mcolcon.colcon_core.package_identification[0m [1;30mLevel 1[0m _identify(build) by extensions ['ignore', 'ignore_ament_install']
[1.135s] [34mcolcon.colcon_core.package_identification[0m [1;30mLevel 1[0m _identify(build) by extension 'ignore'
[1.135s] [34mcolcon.colcon_core.package_identification[0m [1;30mLevel 1[0m _identify(build) ignored
[1.135s] [34mcolcon.colcon_core.package_identification[0m [1;30mLevel 1[0m _identify(install) by extensions ['ignore', 'ignore_ament_install']
[1.135s] [34mcolcon.colcon_core.package_identification[0m [1;30mLevel 1[0m _identify(install) by extension 'ignore'
[1.135s] [34mcolcon.colcon_core.package_identification[0m [1;30mLevel 1[0m _identify(install) ignored
[1.135s] [34mcolcon.colcon_core.package_identification[0m [1;30mLevel 1[0m _identify(log) by extensions ['ignore', 'ignore_ament_install']
[1.135s] [34mcolcon.colcon_core.package_identification[0m [1;30mLevel 1[0m _identify(log) by extension 'ignore'
[1.135s] [34mcolcon.colcon_core.package_identification[0m [1;30mLevel 1[0m _identify(log) ignored
[1.135s] [34mcolcon.colcon_core.package_identification[0m [1;30mLevel 1[0m _identify(yolox_ros) by extensions ['ignore', 'ignore_ament_install']
[1.135s] [34mcolcon.colcon_core.package_identification[0m [1;30mLevel 1[0m _identify(yolox_ros) by extension 'ignore'
[1.135s] [34mcolcon.colcon_core.package_identification[0m [1;30mLevel 1[0m _identify(yolox_ros) by extension 'ignore_ament_install'
[1.135s] [34mcolcon.colcon_core.package_identification[0m [1;30mLevel 1[0m _identify(yolox_ros) by extensions ['colcon_pkg']
[1.135s] [34mcolcon.colcon_core.package_identification[0m [1;30mLevel 1[0m _identify(yolox_ros) by extension 'colcon_pkg'
[1.135s] [34mcolcon.colcon_core.package_identification[0m [1;30mLevel 1[0m _identify(yolox_ros) by extensions ['colcon_meta']
[1.135s] [34mcolcon.colcon_core.package_identification[0m [1;30mLevel 1[0m _identify(yolox_ros) by extension 'colcon_meta'
[1.135s] [34mcolcon.colcon_core.package_identification[0m [1;30mLevel 1[0m _identify(yolox_ros) by extensions ['ros']
[1.135s] [34mcolcon.colcon_core.package_identification[0m [1;30mLevel 1[0m _identify(yolox_ros) by extension 'ros'
[1.135s] [34mcolcon.colcon_core.package_identification[0m [1;30mLevel 1[0m _identify(yolox_ros) by extensions ['cmake', 'python']
[1.135s] [34mcolcon.colcon_core.package_identification[0m [1;30mLevel 1[0m _identify(yolox_ros) by extension 'cmake'
[1.135s] [34mcolcon.colcon_core.package_identification[0m [1;30mLevel 1[0m _identify(yolox_ros) by extension 'python'
[1.136s] [34mcolcon.colcon_core.package_identification[0m [1;30mLevel 1[0m _identify(yolox_ros) by extensions ['python_setup_py']
[1.136s] [34mcolcon.colcon_core.package_identification[0m [1;30mLevel 1[0m _identify(yolox_ros) by extension 'python_setup_py'
[1.136s] [34mcolcon.colcon_core.package_identification[0m [1;30mLevel 1[0m _identify(yolox_ros/bbox_ex_msgs) by extensions ['ignore', 'ignore_ament_install']
[1.136s] [34mcolcon.colcon_core.package_identification[0m [1;30mLevel 1[0m _identify(yolox_ros/bbox_ex_msgs) by extension 'ignore'
[1.136s] [34mcolcon.colcon_core.package_identification[0m [1;30mLevel 1[0m _identify(yolox_ros/bbox_ex_msgs) by extension 'ignore_ament_install'
[1.136s] [34mcolcon.colcon_core.package_identification[0m [1;30mLevel 1[0m _identify(yolox_ros/bbox_ex_msgs) by extensions ['colcon_pkg']
[1.136s] [34mcolcon.colcon_core.package_identification[0m [1;30mLevel 1[0m _identify(yolox_ros/bbox_ex_msgs) by extension 'colcon_pkg'
[1.136s] [34mcolcon.colcon_core.package_identification[0m [1;30mLevel 1[0m _identify(yolox_ros/bbox_ex_msgs) by extensions ['colcon_meta']
[1.136s] [34mcolcon.colcon_core.package_identification[0m [1;30mLevel 1[0m _identify(yolox_ros/bbox_ex_msgs) by extension 'colcon_meta'
[1.136s] [34mcolcon.colcon_core.package_identification[0m [1;30mLevel 1[0m _identify(yolox_ros/bbox_ex_msgs) by extensions ['ros']
[1.136s] [34mcolcon.colcon_core.package_identification[0m [1;30mLevel 1[0m _identify(yolox_ros/bbox_ex_msgs) by extension 'ros'
[1.136s] [34mcolcon.colcon_core.package_identification[0m [1;30mLevel 1[0m _identify(yolox_ros/bbox_ex_msgs) by extensions ['cmake', 'python']
[1.136s] [34mcolcon.colcon_core.package_identification[0m [1;30mLevel 1[0m _identify(yolox_ros/bbox_ex_msgs) by extension 'cmake'
[1.136s] [34mcolcon.colcon_core.package_identification[0m [1;30mLevel 1[0m _identify(yolox_ros/bbox_ex_msgs) by extension 'python'
[1.136s] [34mcolcon.colcon_core.package_identification[0m [1;30mLevel 1[0m _identify(yolox_ros/bbox_ex_msgs) by extensions ['python_setup_py']
[1.136s] [34mcolcon.colcon_core.package_identification[0m [1;30mLevel 1[0m _identify(yolox_ros/bbox_ex_msgs) by extension 'python_setup_py'
[1.136s] [34mcolcon.colcon_core.package_identification[0m [1;30mLevel 1[0m _identify(yolox_ros/images_for_readme) by extensions ['ignore', 'ignore_ament_install']
[1.136s] [34mcolcon.colcon_core.package_identification[0m [1;30mLevel 1[0m _identify(yolox_ros/images_for_readme) by extension 'ignore'
[1.136s] [34mcolcon.colcon_core.package_identification[0m [1;30mLevel 1[0m _identify(yolox_ros/images_for_readme) by extension 'ignore_ament_install'
[1.136s] [34mcolcon.colcon_core.package_identification[0m [1;30mLevel 1[0m _identify(yolox_ros/images_for_readme) by extensions ['colcon_pkg']
[1.136s] [34mcolcon.colcon_core.package_identification[0m [1;30mLevel 1[0m _identify(yolox_ros/images_for_readme) by extension 'colcon_pkg'
[1.136s] [34mcolcon.colcon_core.package_identification[0m [1;30mLevel 1[0m _identify(yolox_ros/images_for_readme) by extensions ['colcon_meta']
[1.136s] [34mcolcon.colcon_core.package_identification[0m [1;30mLevel 1[0m _identify(yolox_ros/images_for_readme) by extension 'colcon_meta'
[1.136s] [34mcolcon.colcon_core.package_identification[0m [1;30mLevel 1[0m _identify(yolox_ros/images_for_readme) by extensions ['ros']
[1.136s] [34mcolcon.colcon_core.package_identification[0m [1;30mLevel 1[0m _identify(yolox_ros/images_for_readme) by extension 'ros'
[1.137s] [34mcolcon.colcon_core.package_identification[0m [1;30mLevel 1[0m _identify(yolox_ros/images_for_readme) by extensions ['cmake', 'python']
[1.137s] [34mcolcon.colcon_core.package_identification[0m [1;30mLevel 1[0m _identify(yolox_ros/images_for_readme) by extension 'cmake'
[1.137s] [34mcolcon.colcon_core.package_identification[0m [1;30mLevel 1[0m _identify(yolox_ros/images_for_readme) by extension 'python'
[1.137s] [34mcolcon.colcon_core.package_identification[0m [1;30mLevel 1[0m _identify(yolox_ros/images_for_readme) by extensions ['python_setup_py']
[1.137s] [34mcolcon.colcon_core.package_identification[0m [1;30mLevel 1[0m _identify(yolox_ros/images_for_readme) by extension 'python_setup_py'
[1.137s] [34mcolcon.colcon_core.package_identification[0m [1;30mLevel 1[0m _identify(yolox_ros/weights) by extensions ['ignore', 'ignore_ament_install']
[1.137s] [34mcolcon.colcon_core.package_identification[0m [1;30mLevel 1[0m _identify(yolox_ros/weights) by extension 'ignore'
[1.137s] [34mcolcon.colcon_core.package_identification[0m [1;30mLevel 1[0m _identify(yolox_ros/weights) by extension 'ignore_ament_install'
[1.137s] [34mcolcon.colcon_core.package_identification[0m [1;30mLevel 1[0m _identify(yolox_ros/weights) by extensions ['colcon_pkg']
[1.137s] [34mcolcon.colcon_core.package_identification[0m [1;30mLevel 1[0m _identify(yolox_ros/weights) by extension 'colcon_pkg'
[1.137s] [34mcolcon.colcon_core.package_identification[0m [1;30mLevel 1[0m _identify(yolox_ros/weights) by extensions ['colcon_meta']
[1.137s] [34mcolcon.colcon_core.package_identification[0m [1;30mLevel 1[0m _identify(yolox_ros/weights) by extension 'colcon_meta'
[1.137s] [34mcolcon.colcon_core.package_identification[0m [1;30mLevel 1[0m _identify(yolox_ros/weights) by extensions ['ros']
[1.137s] [34mcolcon.colcon_core.package_identification[0m [1;30mLevel 1[0m _identify(yolox_ros/weights) by extension 'ros'
[1.137s] [34mcolcon.colcon_core.package_identification[0m [1;30mLevel 1[0m _identify(yolox_ros/weights) by extensions ['cmake', 'python']
[1.137s] [34mcolcon.colcon_core.package_identification[0m [1;30mLevel 1[0m _identify(yolox_ros/weights) by extension 'cmake'
[1.137s] [34mcolcon.colcon_core.package_identification[0m [1;30mLevel 1[0m _identify(yolox_ros/weights) by extension 'python'
[1.137s] [34mcolcon.colcon_core.package_identification[0m [1;30mLevel 1[0m _identify(yolox_ros/weights) by extensions ['python_setup_py']
[1.137s] [34mcolcon.colcon_core.package_identification[0m [1;30mLevel 1[0m _identify(yolox_ros/weights) by extension 'python_setup_py'
[1.137s] [34mcolcon.colcon_core.package_identification[0m [1;30mLevel 1[0m _identify(yolox_ros/weights/onnx) by extensions ['ignore', 'ignore_ament_install']
[1.137s] [34mcolcon.colcon_core.package_identification[0m [1;30mLevel 1[0m _identify(yolox_ros/weights/onnx) by extension 'ignore'
[1.137s] [34mcolcon.colcon_core.package_identification[0m [1;30mLevel 1[0m _identify(yolox_ros/weights/onnx) by extension 'ignore_ament_install'
[1.137s] [34mcolcon.colcon_core.package_identification[0m [1;30mLevel 1[0m _identify(yolox_ros/weights/onnx) by extensions ['colcon_pkg']
[1.137s] [34mcolcon.colcon_core.package_identification[0m [1;30mLevel 1[0m _identify(yolox_ros/weights/onnx) by extension 'colcon_pkg'
[1.137s] [34mcolcon.colcon_core.package_identification[0m [1;30mLevel 1[0m _identify(yolox_ros/weights/onnx) by extensions ['colcon_meta']
[1.138s] [34mcolcon.colcon_core.package_identification[0m [1;30mLevel 1[0m _identify(yolox_ros/weights/onnx) by extension 'colcon_meta'
[1.138s] [34mcolcon.colcon_core.package_identification[0m [1;30mLevel 1[0m _identify(yolox_ros/weights/onnx) by extensions ['ros']
[1.138s] [34mcolcon.colcon_core.package_identification[0m [1;30mLevel 1[0m _identify(yolox_ros/weights/onnx) by extension 'ros'
[1.138s] [34mcolcon.colcon_core.package_identification[0m [1;30mLevel 1[0m _identify(yolox_ros/weights/onnx) by extensions ['cmake', 'python']
[1.138s] [34mcolcon.colcon_core.package_identification[0m [1;30mLevel 1[0m _identify(yolox_ros/weights/onnx) by extension 'cmake'
[1.138s] [34mcolcon.colcon_core.package_identification[0m [1;30mLevel 1[0m _identify(yolox_ros/weights/onnx) by extension 'python'
[1.138s] [34mcolcon.colcon_core.package_identification[0m [1;30mLevel 1[0m _identify(yolox_ros/weights/onnx) by extensions ['python_setup_py']
[1.138s] [34mcolcon.colcon_core.package_identification[0m [1;30mLevel 1[0m _identify(yolox_ros/weights/onnx) by extension 'python_setup_py'
[1.138s] [34mcolcon.colcon_core.package_identification[0m [1;30mLevel 1[0m _identify(yolox_ros/weights/openvino) by extensions ['ignore', 'ignore_ament_install']
[1.138s] [34mcolcon.colcon_core.package_identification[0m [1;30mLevel 1[0m _identify(yolox_ros/weights/openvino) by extension 'ignore'
[1.138s] [34mcolcon.colcon_core.package_identification[0m [1;30mLevel 1[0m _identify(yolox_ros/weights/openvino) by extension 'ignore_ament_install'
[1.138s] [34mcolcon.colcon_core.package_identification[0m [1;30mLevel 1[0m _identify(yolox_ros/weights/openvino) by extensions ['colcon_pkg']
[1.138s] [34mcolcon.colcon_core.package_identification[0m [1;30mLevel 1[0m _identify(yolox_ros/weights/openvino) by extension 'colcon_pkg'
[1.138s] [34mcolcon.colcon_core.package_identification[0m [1;30mLevel 1[0m _identify(yolox_ros/weights/openvino) by extensions ['colcon_meta']
[1.138s] [34mcolcon.colcon_core.package_identification[0m [1;30mLevel 1[0m _identify(yolox_ros/weights/openvino) by extension 'colcon_meta'
[1.138s] [34mcolcon.colcon_core.package_identification[0m [1;30mLevel 1[0m _identify(yolox_ros/weights/openvino) by extensions ['ros']
[1.138s] [34mcolcon.colcon_core.package_identification[0m [1;30mLevel 1[0m _identify(yolox_ros/weights/openvino) by extension 'ros'
[1.138s] [34mcolcon.colcon_core.package_identification[0m [1;30mLevel 1[0m _identify(yolox_ros/weights/openvino) by extensions ['cmake', 'python']
[1.138s] [34mcolcon.colcon_core.package_identification[0m [1;30mLevel 1[0m _identify(yolox_ros/weights/openvino) by extension 'cmake'
[1.138s] [34mcolcon.colcon_core.package_identification[0m [1;30mLevel 1[0m _identify(yolox_ros/weights/openvino) by extension 'python'
[1.138s] [34mcolcon.colcon_core.package_identification[0m [1;30mLevel 1[0m _identify(yolox_ros/weights/openvino) by extensions ['python_setup_py']
[1.138s] [34mcolcon.colcon_core.package_identification[0m [1;30mLevel 1[0m _identify(yolox_ros/weights/openvino) by extension 'python_setup_py'
[1.139s] [34mcolcon.colcon_core.package_identification[0m [1;30mLevel 1[0m _identify(yolox_ros/weights/tensorrt) by extensions ['ignore', 'ignore_ament_install']
[1.139s] [34mcolcon.colcon_core.package_identification[0m [1;30mLevel 1[0m _identify(yolox_ros/weights/tensorrt) by extension 'ignore'
[1.139s] [34mcolcon.colcon_core.package_identification[0m [1;30mLevel 1[0m _identify(yolox_ros/weights/tensorrt) by extension 'ignore_ament_install'
[1.139s] [34mcolcon.colcon_core.package_identification[0m [1;30mLevel 1[0m _identify(yolox_ros/weights/tensorrt) by extensions ['colcon_pkg']
[1.139s] [34mcolcon.colcon_core.package_identification[0m [1;30mLevel 1[0m _identify(yolox_ros/weights/tensorrt) by extension 'colcon_pkg'
[1.139s] [34mcolcon.colcon_core.package_identification[0m [1;30mLevel 1[0m _identify(yolox_ros/weights/tensorrt) by extensions ['colcon_meta']
[1.139s] [34mcolcon.colcon_core.package_identification[0m [1;30mLevel 1[0m _identify(yolox_ros/weights/tensorrt) by extension 'colcon_meta'
[1.139s] [34mcolcon.colcon_core.package_identification[0m [1;30mLevel 1[0m _identify(yolox_ros/weights/tensorrt) by extensions ['ros']
[1.139s] [34mcolcon.colcon_core.package_identification[0m [1;30mLevel 1[0m _identify(yolox_ros/weights/tensorrt) by extension 'ros'
[1.139s] [34mcolcon.colcon_core.package_identification[0m [1;30mLevel 1[0m _identify(yolox_ros/weights/tensorrt) by extensions ['cmake', 'python']
[1.139s] [34mcolcon.colcon_core.package_identification[0m [1;30mLevel 1[0m _identify(yolox_ros/weights/tensorrt) by extension 'cmake'
[1.139s] [34mcolcon.colcon_core.package_identification[0m [1;30mLevel 1[0m _identify(yolox_ros/weights/tensorrt) by extension 'python'
[1.139s] [34mcolcon.colcon_core.package_identification[0m [1;30mLevel 1[0m _identify(yolox_ros/weights/tensorrt) by extensions ['python_setup_py']
[1.139s] [34mcolcon.colcon_core.package_identification[0m [1;30mLevel 1[0m _identify(yolox_ros/weights/tensorrt) by extension 'python_setup_py'
[1.139s] [34mcolcon.colcon_core.package_identification[0m [1;30mLevel 1[0m _identify(yolox_ros/weights/tflite) by extensions ['ignore', 'ignore_ament_install']
[1.139s] [34mcolcon.colcon_core.package_identification[0m [1;30mLevel 1[0m _identify(yolox_ros/weights/tflite) by extension 'ignore'
[1.139s] [34mcolcon.colcon_core.package_identification[0m [1;30mLevel 1[0m _identify(yolox_ros/weights/tflite) by extension 'ignore_ament_install'
[1.139s] [34mcolcon.colcon_core.package_identification[0m [1;30mLevel 1[0m _identify(yolox_ros/weights/tflite) by extensions ['colcon_pkg']
[1.139s] [34mcolcon.colcon_core.package_identification[0m [1;30mLevel 1[0m _identify(yolox_ros/weights/tflite) by extension 'colcon_pkg'
[1.139s] [34mcolcon.colcon_core.package_identification[0m [1;30mLevel 1[0m _identify(yolox_ros/weights/tflite) by extensions ['colcon_meta']
[1.139s] [34mcolcon.colcon_core.package_identification[0m [1;30mLevel 1[0m _identify(yolox_ros/weights/tflite) by extension 'colcon_meta'
[1.139s] [34mcolcon.colcon_core.package_identification[0m [1;30mLevel 1[0m _identify(yolox_ros/weights/tflite) by extensions ['ros']
[1.139s] [34mcolcon.colcon_core.package_identification[0m [1;30mLevel 1[0m _identify(yolox_ros/weights/tflite) by extension 'ros'
[1.139s] [34mcolcon.colcon_core.package_identification[0m [1;30mLevel 1[0m _identify(yolox_ros/weights/tflite) by extensions ['cmake', 'python']
[1.139s] [34mcolcon.colcon_core.package_identification[0m [1;30mLevel 1[0m _identify(yolox_ros/weights/tflite) by extension 'cmake'
[1.140s] [34mcolcon.colcon_core.package_identification[0m [1;30mLevel 1[0m _identify(yolox_ros/weights/tflite) by extension 'python'
[1.140s] [34mcolcon.colcon_core.package_identification[0m [1;30mLevel 1[0m _identify(yolox_ros/weights/tflite) by extensions ['python_setup_py']
[1.140s] [34mcolcon.colcon_core.package_identification[0m [1;30mLevel 1[0m _identify(yolox_ros/weights/tflite) by extension 'python_setup_py'
[1.140s] [34mcolcon.colcon_core.package_identification[0m [1;30mLevel 1[0m _identify(yolox_ros/yolox_ros_cpp) by extensions ['ignore', 'ignore_ament_install']
[1.140s] [34mcolcon.colcon_core.package_identification[0m [1;30mLevel 1[0m _identify(yolox_ros/yolox_ros_cpp) by extension 'ignore'
[1.140s] [34mcolcon.colcon_core.package_identification[0m [1;30mLevel 1[0m _identify(yolox_ros/yolox_ros_cpp) by extension 'ignore_ament_install'
[1.140s] [34mcolcon.colcon_core.package_identification[0m [1;30mLevel 1[0m _identify(yolox_ros/yolox_ros_cpp) by extensions ['colcon_pkg']
[1.140s] [34mcolcon.colcon_core.package_identification[0m [1;30mLevel 1[0m _identify(yolox_ros/yolox_ros_cpp) by extension 'colcon_pkg'
[1.140s] [34mcolcon.colcon_core.package_identification[0m [1;30mLevel 1[0m _identify(yolox_ros/yolox_ros_cpp) by extensions ['colcon_meta']
[1.140s] [34mcolcon.colcon_core.package_identification[0m [1;30mLevel 1[0m _identify(yolox_ros/yolox_ros_cpp) by extension 'colcon_meta'
[1.140s] [34mcolcon.colcon_core.package_identification[0m [1;30mLevel 1[0m _identify(yolox_ros/yolox_ros_cpp) by extensions ['ros']
[1.140s] [34mcolcon.colcon_core.package_identification[0m [1;30mLevel 1[0m _identify(yolox_ros/yolox_ros_cpp) by extension 'ros'
[1.140s] [34mcolcon.colcon_core.package_identification[0m [1;30mLevel 1[0m _identify(yolox_ros/yolox_ros_cpp) by extensions ['cmake', 'python']
[1.140s] [34mcolcon.colcon_core.package_identification[0m [1;30mLevel 1[0m _identify(yolox_ros/yolox_ros_cpp) by extension 'cmake'
[1.140s] [34mcolcon.colcon_core.package_identification[0m [1;30mLevel 1[0m _identify(yolox_ros/yolox_ros_cpp) by extension 'python'
[1.140s] [34mcolcon.colcon_core.package_identification[0m [1;30mLevel 1[0m _identify(yolox_ros/yolox_ros_cpp) by extensions ['python_setup_py']
[1.140s] [34mcolcon.colcon_core.package_identification[0m [1;30mLevel 1[0m _identify(yolox_ros/yolox_ros_cpp) by extension 'python_setup_py'
[1.140s] [34mcolcon.colcon_core.package_identification[0m [1;30mLevel 1[0m _identify(yolox_ros/yolox_ros_cpp/docker) by extensions ['ignore', 'ignore_ament_install']
[1.140s] [34mcolcon.colcon_core.package_identification[0m [1;30mLevel 1[0m _identify(yolox_ros/yolox_ros_cpp/docker) by extension 'ignore'
[1.140s] [34mcolcon.colcon_core.package_identification[0m [1;30mLevel 1[0m _identify(yolox_ros/yolox_ros_cpp/docker) by extension 'ignore_ament_install'
[1.140s] [34mcolcon.colcon_core.package_identification[0m [1;30mLevel 1[0m _identify(yolox_ros/yolox_ros_cpp/docker) by extensions ['colcon_pkg']
[1.140s] [34mcolcon.colcon_core.package_identification[0m [1;30mLevel 1[0m _identify(yolox_ros/yolox_ros_cpp/docker) by extension 'colcon_pkg'
[1.140s] [34mcolcon.colcon_core.package_identification[0m [1;30mLevel 1[0m _identify(yolox_ros/yolox_ros_cpp/docker) by extensions ['colcon_meta']
[1.140s] [34mcolcon.colcon_core.package_identification[0m [1;30mLevel 1[0m _identify(yolox_ros/yolox_ros_cpp/docker) by extension 'colcon_meta'
[1.140s] [34mcolcon.colcon_core.package_identification[0m [1;30mLevel 1[0m _identify(yolox_ros/yolox_ros_cpp/docker) by extensions ['ros']
[1.141s] [34mcolcon.colcon_core.package_identification[0m [1;30mLevel 1[0m _identify(yolox_ros/yolox_ros_cpp/docker) by extension 'ros'
[1.141s] [34mcolcon.colcon_core.package_identification[0m [1;30mLevel 1[0m _identify(yolox_ros/yolox_ros_cpp/docker) by extensions ['cmake', 'python']
[1.141s] [34mcolcon.colcon_core.package_identification[0m [1;30mLevel 1[0m _identify(yolox_ros/yolox_ros_cpp/docker) by extension 'cmake'
[1.141s] [34mcolcon.colcon_core.package_identification[0m [1;30mLevel 1[0m _identify(yolox_ros/yolox_ros_cpp/docker) by extension 'python'
[1.141s] [34mcolcon.colcon_core.package_identification[0m [1;30mLevel 1[0m _identify(yolox_ros/yolox_ros_cpp/docker) by extensions ['python_setup_py']
[1.141s] [34mcolcon.colcon_core.package_identification[0m [1;30mLevel 1[0m _identify(yolox_ros/yolox_ros_cpp/docker) by extension 'python_setup_py'
[1.141s] [34mcolcon.colcon_core.package_identification[0m [1;30mLevel 1[0m _identify(yolox_ros/yolox_ros_cpp/docker/jetson) by extensions ['ignore', 'ignore_ament_install']
[1.141s] [34mcolcon.colcon_core.package_identification[0m [1;30mLevel 1[0m _identify(yolox_ros/yolox_ros_cpp/docker/jetson) by extension 'ignore'
[1.141s] [34mcolcon.colcon_core.package_identification[0m [1;30mLevel 1[0m _identify(yolox_ros/yolox_ros_cpp/docker/jetson) by extension 'ignore_ament_install'
[1.141s] [34mcolcon.colcon_core.package_identification[0m [1;30mLevel 1[0m _identify(yolox_ros/yolox_ros_cpp/docker/jetson) by extensions ['colcon_pkg']
[1.141s] [34mcolcon.colcon_core.package_identification[0m [1;30mLevel 1[0m _identify(yolox_ros/yolox_ros_cpp/docker/jetson) by extension 'colcon_pkg'
[1.141s] [34mcolcon.colcon_core.package_identification[0m [1;30mLevel 1[0m _identify(yolox_ros/yolox_ros_cpp/docker/jetson) by extensions ['colcon_meta']
[1.141s] [34mcolcon.colcon_core.package_identification[0m [1;30mLevel 1[0m _identify(yolox_ros/yolox_ros_cpp/docker/jetson) by extension 'colcon_meta'
[1.141s] [34mcolcon.colcon_core.package_identification[0m [1;30mLevel 1[0m _identify(yolox_ros/yolox_ros_cpp/docker/jetson) by extensions ['ros']
[1.141s] [34mcolcon.colcon_core.package_identification[0m [1;30mLevel 1[0m _identify(yolox_ros/yolox_ros_cpp/docker/jetson) by extension 'ros'
[1.141s] [34mcolcon.colcon_core.package_identification[0m [1;30mLevel 1[0m _identify(yolox_ros/yolox_ros_cpp/docker/jetson) by extensions ['cmake', 'python']
[1.141s] [34mcolcon.colcon_core.package_identification[0m [1;30mLevel 1[0m _identify(yolox_ros/yolox_ros_cpp/docker/jetson) by extension 'cmake'
[1.141s] [34mcolcon.colcon_core.package_identification[0m [1;30mLevel 1[0m _identify(yolox_ros/yolox_ros_cpp/docker/jetson) by extension 'python'
[1.141s] [34mcolcon.colcon_core.package_identification[0m [1;30mLevel 1[0m _identify(yolox_ros/yolox_ros_cpp/docker/jetson) by extensions ['python_setup_py']
[1.141s] [34mcolcon.colcon_core.package_identification[0m [1;30mLevel 1[0m _identify(yolox_ros/yolox_ros_cpp/docker/jetson) by extension 'python_setup_py'
[1.141s] [34mcolcon.colcon_core.package_identification[0m [1;30mLevel 1[0m _identify(yolox_ros/yolox_ros_cpp/docker/onnxruntime) by extensions ['ignore', 'ignore_ament_install']
[1.141s] [34mcolcon.colcon_core.package_identification[0m [1;30mLevel 1[0m _identify(yolox_ros/yolox_ros_cpp/docker/onnxruntime) by extension 'ignore'
[1.141s] [34mcolcon.colcon_core.package_identification[0m [1;30mLevel 1[0m _identify(yolox_ros/yolox_ros_cpp/docker/onnxruntime) by extension 'ignore_ament_install'
[1.141s] [34mcolcon.colcon_core.package_identification[0m [1;30mLevel 1[0m _identify(yolox_ros/yolox_ros_cpp/docker/onnxruntime) by extensions ['colcon_pkg']
[1.142s] [34mcolcon.colcon_core.package_identification[0m [1;30mLevel 1[0m _identify(yolox_ros/yolox_ros_cpp/docker/onnxruntime) by extension 'colcon_pkg'
[1.142s] [34mcolcon.colcon_core.package_identification[0m [1;30mLevel 1[0m _identify(yolox_ros/yolox_ros_cpp/docker/onnxruntime) by extensions ['colcon_meta']
[1.142s] [34mcolcon.colcon_core.package_identification[0m [1;30mLevel 1[0m _identify(yolox_ros/yolox_ros_cpp/docker/onnxruntime) by extension 'colcon_meta'
[1.142s] [34mcolcon.colcon_core.package_identification[0m [1;30mLevel 1[0m _identify(yolox_ros/yolox_ros_cpp/docker/onnxruntime) by extensions ['ros']
[1.142s] [34mcolcon.colcon_core.package_identification[0m [1;30mLevel 1[0m _identify(yolox_ros/yolox_ros_cpp/docker/onnxruntime) by extension 'ros'
[1.142s] [34mcolcon.colcon_core.package_identification[0m [1;30mLevel 1[0m _identify(yolox_ros/yolox_ros_cpp/docker/onnxruntime) by extensions ['cmake', 'python']
[1.142s] [34mcolcon.colcon_core.package_identification[0m [1;30mLevel 1[0m _identify(yolox_ros/yolox_ros_cpp/docker/onnxruntime) by extension 'cmake'
[1.142s] [34mcolcon.colcon_core.package_identification[0m [1;30mLevel 1[0m _identify(yolox_ros/yolox_ros_cpp/docker/onnxruntime) by extension 'python'
[1.142s] [34mcolcon.colcon_core.package_identification[0m [1;30mLevel 1[0m _identify(yolox_ros/yolox_ros_cpp/docker/onnxruntime) by extensions ['python_setup_py']
[1.142s] [34mcolcon.colcon_core.package_identification[0m [1;30mLevel 1[0m _identify(yolox_ros/yolox_ros_cpp/docker/onnxruntime) by extension 'python_setup_py'
[1.142s] [34mcolcon.colcon_core.package_identification[0m [1;30mLevel 1[0m _identify(yolox_ros/yolox_ros_cpp/docker/openvino) by extensions ['ignore', 'ignore_ament_install']
[1.142s] [34mcolcon.colcon_core.package_identification[0m [1;30mLevel 1[0m _identify(yolox_ros/yolox_ros_cpp/docker/openvino) by extension 'ignore'
[1.142s] [34mcolcon.colcon_core.package_identification[0m [1;30mLevel 1[0m _identify(yolox_ros/yolox_ros_cpp/docker/openvino) by extension 'ignore_ament_install'
[1.142s] [34mcolcon.colcon_core.package_identification[0m [1;30mLevel 1[0m _identify(yolox_ros/yolox_ros_cpp/docker/openvino) by extensions ['colcon_pkg']
[1.142s] [34mcolcon.colcon_core.package_identification[0m [1;30mLevel 1[0m _identify(yolox_ros/yolox_ros_cpp/docker/openvino) by extension 'colcon_pkg'
[1.142s] [34mcolcon.colcon_core.package_identification[0m [1;30mLevel 1[0m _identify(yolox_ros/yolox_ros_cpp/docker/openvino) by extensions ['colcon_meta']
[1.142s] [34mcolcon.colcon_core.package_identification[0m [1;30mLevel 1[0m _identify(yolox_ros/yolox_ros_cpp/docker/openvino) by extension 'colcon_meta'
[1.142s] [34mcolcon.colcon_core.package_identification[0m [1;30mLevel 1[0m _identify(yolox_ros/yolox_ros_cpp/docker/openvino) by extensions ['ros']
[1.142s] [34mcolcon.colcon_core.package_identification[0m [1;30mLevel 1[0m _identify(yolox_ros/yolox_ros_cpp/docker/openvino) by extension 'ros'
[1.142s] [34mcolcon.colcon_core.package_identification[0m [1;30mLevel 1[0m _identify(yolox_ros/yolox_ros_cpp/docker/openvino) by extensions ['cmake', 'python']
[1.142s] [34mcolcon.colcon_core.package_identification[0m [1;30mLevel 1[0m _identify(yolox_ros/yolox_ros_cpp/docker/openvino) by extension 'cmake'
[1.142s] [34mcolcon.colcon_core.package_identification[0m [1;30mLevel 1[0m _identify(yolox_ros/yolox_ros_cpp/docker/openvino) by extension 'python'
[1.142s] [34mcolcon.colcon_core.package_identification[0m [1;30mLevel 1[0m _identify(yolox_ros/yolox_ros_cpp/docker/openvino) by extensions ['python_setup_py']
[1.142s] [34mcolcon.colcon_core.package_identification[0m [1;30mLevel 1[0m _identify(yolox_ros/yolox_ros_cpp/docker/openvino) by extension 'python_setup_py'
[1.142s] [34mcolcon.colcon_core.package_identification[0m [1;30mLevel 1[0m _identify(yolox_ros/yolox_ros_cpp/docker/tensorrt) by extensions ['ignore', 'ignore_ament_install']
[1.143s] [34mcolcon.colcon_core.package_identification[0m [1;30mLevel 1[0m _identify(yolox_ros/yolox_ros_cpp/docker/tensorrt) by extension 'ignore'
[1.143s] [34mcolcon.colcon_core.package_identification[0m [1;30mLevel 1[0m _identify(yolox_ros/yolox_ros_cpp/docker/tensorrt) by extension 'ignore_ament_install'
[1.143s] [34mcolcon.colcon_core.package_identification[0m [1;30mLevel 1[0m _identify(yolox_ros/yolox_ros_cpp/docker/tensorrt) by extensions ['colcon_pkg']
[1.143s] [34mcolcon.colcon_core.package_identification[0m [1;30mLevel 1[0m _identify(yolox_ros/yolox_ros_cpp/docker/tensorrt) by extension 'colcon_pkg'
[1.143s] [34mcolcon.colcon_core.package_identification[0m [1;30mLevel 1[0m _identify(yolox_ros/yolox_ros_cpp/docker/tensorrt) by extensions ['colcon_meta']
[1.143s] [34mcolcon.colcon_core.package_identification[0m [1;30mLevel 1[0m _identify(yolox_ros/yolox_ros_cpp/docker/tensorrt) by extension 'colcon_meta'
[1.143s] [34mcolcon.colcon_core.package_identification[0m [1;30mLevel 1[0m _identify(yolox_ros/yolox_ros_cpp/docker/tensorrt) by extensions ['ros']
[1.143s] [34mcolcon.colcon_core.package_identification[0m [1;30mLevel 1[0m _identify(yolox_ros/yolox_ros_cpp/docker/tensorrt) by extension 'ros'
[1.143s] [34mcolcon.colcon_core.package_identification[0m [1;30mLevel 1[0m _identify(yolox_ros/yolox_ros_cpp/docker/tensorrt) by extensions ['cmake', 'python']
[1.143s] [34mcolcon.colcon_core.package_identification[0m [1;30mLevel 1[0m _identify(yolox_ros/yolox_ros_cpp/docker/tensorrt) by extension 'cmake'
[1.143s] [34mcolcon.colcon_core.package_identification[0m [1;30mLevel 1[0m _identify(yolox_ros/yolox_ros_cpp/docker/tensorrt) by extension 'python'
[1.143s] [34mcolcon.colcon_core.package_identification[0m [1;30mLevel 1[0m _identify(yolox_ros/yolox_ros_cpp/docker/tensorrt) by extensions ['python_setup_py']
[1.143s] [34mcolcon.colcon_core.package_identification[0m [1;30mLevel 1[0m _identify(yolox_ros/yolox_ros_cpp/docker/tensorrt) by extension 'python_setup_py'
[1.143s] [34mcolcon.colcon_core.package_identification[0m [1;30mLevel 1[0m _identify(yolox_ros/yolox_ros_cpp/yolox_cpp) by extensions ['ignore', 'ignore_ament_install']
[1.143s] [34mcolcon.colcon_core.package_identification[0m [1;30mLevel 1[0m _identify(yolox_ros/yolox_ros_cpp/yolox_cpp) by extension 'ignore'
[1.143s] [34mcolcon.colcon_core.package_identification[0m [1;30mLevel 1[0m _identify(yolox_ros/yolox_ros_cpp/yolox_cpp) by extension 'ignore_ament_install'
[1.143s] [34mcolcon.colcon_core.package_identification[0m [1;30mLevel 1[0m _identify(yolox_ros/yolox_ros_cpp/yolox_cpp) by extensions ['colcon_pkg']
[1.143s] [34mcolcon.colcon_core.package_identification[0m [1;30mLevel 1[0m _identify(yolox_ros/yolox_ros_cpp/yolox_cpp) by extension 'colcon_pkg'
[1.143s] [34mcolcon.colcon_core.package_identification[0m [1;30mLevel 1[0m _identify(yolox_ros/yolox_ros_cpp/yolox_cpp) by extensions ['colcon_meta']
[1.143s] [34mcolcon.colcon_core.package_identification[0m [1;30mLevel 1[0m _identify(yolox_ros/yolox_ros_cpp/yolox_cpp) by extension 'colcon_meta'
[1.143s] [34mcolcon.colcon_core.package_identification[0m [1;30mLevel 1[0m _identify(yolox_ros/yolox_ros_cpp/yolox_cpp) by extensions ['ros']
[1.143s] [34mcolcon.colcon_core.package_identification[0m [1;30mLevel 1[0m _identify(yolox_ros/yolox_ros_cpp/yolox_cpp) by extension 'ros'
[1.145s] [34mcolcon.colcon_core.package_identification[0m [1;30mDEBUG[0m [32mPackage 'yolox_ros/yolox_ros_cpp/yolox_cpp' with type 'ros.ament_cmake' and name 'yolox_cpp'[0m
[1.145s] [34mcolcon.colcon_core.package_identification[0m [1;30mLevel 1[0m _identify(yolox_ros/yolox_ros_cpp/yolox_param) by extensions ['ignore', 'ignore_ament_install']
[1.145s] [34mcolcon.colcon_core.package_identification[0m [1;30mLevel 1[0m _identify(yolox_ros/yolox_ros_cpp/yolox_param) by extension 'ignore'
[1.145s] [34mcolcon.colcon_core.package_identification[0m [1;30mLevel 1[0m _identify(yolox_ros/yolox_ros_cpp/yolox_param) by extension 'ignore_ament_install'
[1.145s] [34mcolcon.colcon_core.package_identification[0m [1;30mLevel 1[0m _identify(yolox_ros/yolox_ros_cpp/yolox_param) by extensions ['colcon_pkg']
[1.145s] [34mcolcon.colcon_core.package_identification[0m [1;30mLevel 1[0m _identify(yolox_ros/yolox_ros_cpp/yolox_param) by extension 'colcon_pkg'
[1.145s] [34mcolcon.colcon_core.package_identification[0m [1;30mLevel 1[0m _identify(yolox_ros/yolox_ros_cpp/yolox_param) by extensions ['colcon_meta']
[1.145s] [34mcolcon.colcon_core.package_identification[0m [1;30mLevel 1[0m _identify(yolox_ros/yolox_ros_cpp/yolox_param) by extension 'colcon_meta'
[1.145s] [34mcolcon.colcon_core.package_identification[0m [1;30mLevel 1[0m _identify(yolox_ros/yolox_ros_cpp/yolox_param) by extensions ['ros']
[1.145s] [34mcolcon.colcon_core.package_identification[0m [1;30mLevel 1[0m _identify(yolox_ros/yolox_ros_cpp/yolox_param) by extension 'ros'
[1.146s] [34mcolcon.colcon_core.package_identification[0m [1;30mDEBUG[0m [32mPackage 'yolox_ros/yolox_ros_cpp/yolox_param' with type 'ros.ament_cmake' and name 'yolox_param'[0m
[1.146s] [34mcolcon.colcon_core.package_identification[0m [1;30mLevel 1[0m _identify(yolox_ros/yolox_ros_cpp/yolox_ros_cpp) by extensions ['ignore', 'ignore_ament_install']
[1.146s] [34mcolcon.colcon_core.package_identification[0m [1;30mLevel 1[0m _identify(yolox_ros/yolox_ros_cpp/yolox_ros_cpp) by extension 'ignore'
[1.146s] [34mcolcon.colcon_core.package_identification[0m [1;30mLevel 1[0m _identify(yolox_ros/yolox_ros_cpp/yolox_ros_cpp) by extension 'ignore_ament_install'
[1.146s] [34mcolcon.colcon_core.package_identification[0m [1;30mLevel 1[0m _identify(yolox_ros/yolox_ros_cpp/yolox_ros_cpp) by extensions ['colcon_pkg']
[1.146s] [34mcolcon.colcon_core.package_identification[0m [1;30mLevel 1[0m _identify(yolox_ros/yolox_ros_cpp/yolox_ros_cpp) by extension 'colcon_pkg'
[1.146s] [34mcolcon.colcon_core.package_identification[0m [1;30mLevel 1[0m _identify(yolox_ros/yolox_ros_cpp/yolox_ros_cpp) by extensions ['colcon_meta']
[1.146s] [34mcolcon.colcon_core.package_identification[0m [1;30mLevel 1[0m _identify(yolox_ros/yolox_ros_cpp/yolox_ros_cpp) by extension 'colcon_meta'
[1.146s] [34mcolcon.colcon_core.package_identification[0m [1;30mLevel 1[0m _identify(yolox_ros/yolox_ros_cpp/yolox_ros_cpp) by extensions ['ros']
[1.146s] [34mcolcon.colcon_core.package_identification[0m [1;30mLevel 1[0m _identify(yolox_ros/yolox_ros_cpp/yolox_ros_cpp) by extension 'ros'
[1.147s] [34mcolcon.colcon_core.package_identification[0m [1;30mDEBUG[0m [32mPackage 'yolox_ros/yolox_ros_cpp/yolox_ros_cpp' with type 'ros.ament_cmake' and name 'yolox_ros_cpp'[0m
[1.147s] [34mcolcon.colcon_core.package_identification[0m [1;30mLevel 1[0m _identify(yolox_ros/yolox_ros_py) by extensions ['ignore', 'ignore_ament_install']
[1.147s] [34mcolcon.colcon_core.package_identification[0m [1;30mLevel 1[0m _identify(yolox_ros/yolox_ros_py) by extension 'ignore'
[1.147s] [34mcolcon.colcon_core.package_identification[0m [1;30mLevel 1[0m _identify(yolox_ros/yolox_ros_py) by extension 'ignore_ament_install'
[1.147s] [34mcolcon.colcon_core.package_identification[0m [1;30mLevel 1[0m _identify(yolox_ros/yolox_ros_py) by extensions ['colcon_pkg']
[1.147s] [34mcolcon.colcon_core.package_identification[0m [1;30mLevel 1[0m _identify(yolox_ros/yolox_ros_py) by extension 'colcon_pkg'
[1.147s] [34mcolcon.colcon_core.package_identification[0m [1;30mLevel 1[0m _identify(yolox_ros/yolox_ros_py) by extensions ['colcon_meta']
[1.147s] [34mcolcon.colcon_core.package_identification[0m [1;30mLevel 1[0m _identify(yolox_ros/yolox_ros_py) by extension 'colcon_meta'
[1.147s] [34mcolcon.colcon_core.package_identification[0m [1;30mLevel 1[0m _identify(yolox_ros/yolox_ros_py) by extensions ['ros']
[1.148s] [34mcolcon.colcon_core.package_identification[0m [1;30mLevel 1[0m _identify(yolox_ros/yolox_ros_py) by extension 'ros'
[1.148s] [34mcolcon.colcon_core.package_identification[0m [1;30mLevel 1[0m _identify(yolox_ros/yolox_ros_py) by extensions ['cmake', 'python']
[1.148s] [34mcolcon.colcon_core.package_identification[0m [1;30mLevel 1[0m _identify(yolox_ros/yolox_ros_py) by extension 'cmake'
[1.148s] [34mcolcon.colcon_core.package_identification[0m [1;30mLevel 1[0m _identify(yolox_ros/yolox_ros_py) by extension 'python'
[1.148s] [34mcolcon.colcon_core.package_identification[0m [1;30mLevel 1[0m _identify(yolox_ros/yolox_ros_py) by extensions ['python_setup_py']
[1.148s] [34mcolcon.colcon_core.package_identification[0m [1;30mLevel 1[0m _identify(yolox_ros/yolox_ros_py) by extension 'python_setup_py'
[1.148s] [34mcolcon.colcon_core.package_identification[0m [1;30mLevel 1[0m _identify(yolox_ros/yolox_ros_py/exps) by extensions ['ignore', 'ignore_ament_install']
[1.148s] [34mcolcon.colcon_core.package_identification[0m [1;30mLevel 1[0m _identify(yolox_ros/yolox_ros_py/exps) by extension 'ignore'
[1.148s] [34mcolcon.colcon_core.package_identification[0m [1;30mLevel 1[0m _identify(yolox_ros/yolox_ros_py/exps) by extension 'ignore_ament_install'
[1.148s] [34mcolcon.colcon_core.package_identification[0m [1;30mLevel 1[0m _identify(yolox_ros/yolox_ros_py/exps) by extensions ['colcon_pkg']
[1.148s] [34mcolcon.colcon_core.package_identification[0m [1;30mLevel 1[0m _identify(yolox_ros/yolox_ros_py/exps) by extension 'colcon_pkg'
[1.148s] [34mcolcon.colcon_core.package_identification[0m [1;30mLevel 1[0m _identify(yolox_ros/yolox_ros_py/exps) by extensions ['colcon_meta']
[1.148s] [34mcolcon.colcon_core.package_identification[0m [1;30mLevel 1[0m _identify(yolox_ros/yolox_ros_py/exps) by extension 'colcon_meta'
[1.148s] [34mcolcon.colcon_core.package_identification[0m [1;30mLevel 1[0m _identify(yolox_ros/yolox_ros_py/exps) by extensions ['ros']
[1.148s] [34mcolcon.colcon_core.package_identification[0m [1;30mLevel 1[0m _identify(yolox_ros/yolox_ros_py/exps) by extension 'ros'
[1.148s] [34mcolcon.colcon_core.package_identification[0m [1;30mLevel 1[0m _identify(yolox_ros/yolox_ros_py/exps) by extensions ['cmake', 'python']
[1.148s] [34mcolcon.colcon_core.package_identification[0m [1;30mLevel 1[0m _identify(yolox_ros/yolox_ros_py/exps) by extension 'cmake'
[1.148s] [34mcolcon.colcon_core.package_identification[0m [1;30mLevel 1[0m _identify(yolox_ros/yolox_ros_py/exps) by extension 'python'
[1.148s] [34mcolcon.colcon_core.package_identification[0m [1;30mLevel 1[0m _identify(yolox_ros/yolox_ros_py/exps) by extensions ['python_setup_py']
[1.148s] [34mcolcon.colcon_core.package_identification[0m [1;30mLevel 1[0m _identify(yolox_ros/yolox_ros_py/exps) by extension 'python_setup_py'
[1.148s] [34mcolcon.colcon_core.package_identification[0m [1;30mLevel 1[0m _identify(yolox_ros/yolox_ros_py/launch) by extensions ['ignore', 'ignore_ament_install']
[1.148s] [34mcolcon.colcon_core.package_identification[0m [1;30mLevel 1[0m _identify(yolox_ros/yolox_ros_py/launch) by extension 'ignore'
[1.148s] [34mcolcon.colcon_core.package_identification[0m [1;30mLevel 1[0m _identify(yolox_ros/yolox_ros_py/launch) by extension 'ignore_ament_install'
[1.149s] [34mcolcon.colcon_core.package_identification[0m [1;30mLevel 1[0m _identify(yolox_ros/yolox_ros_py/launch) by extensions ['colcon_pkg']
[1.149s] [34mcolcon.colcon_core.package_identification[0m [1;30mLevel 1[0m _identify(yolox_ros/yolox_ros_py/launch) by extension 'colcon_pkg'
[1.149s] [34mcolcon.colcon_core.package_identification[0m [1;30mLevel 1[0m _identify(yolox_ros/yolox_ros_py/launch) by extensions ['colcon_meta']
[1.149s] [34mcolcon.colcon_core.package_identification[0m [1;30mLevel 1[0m _identify(yolox_ros/yolox_ros_py/launch) by extension 'colcon_meta'
[1.149s] [34mcolcon.colcon_core.package_identification[0m [1;30mLevel 1[0m _identify(yolox_ros/yolox_ros_py/launch) by extensions ['ros']
[1.149s] [34mcolcon.colcon_core.package_identification[0m [1;30mLevel 1[0m _identify(yolox_ros/yolox_ros_py/launch) by extension 'ros'
[1.149s] [34mcolcon.colcon_core.package_identification[0m [1;30mLevel 1[0m _identify(yolox_ros/yolox_ros_py/launch) by extensions ['cmake', 'python']
[1.149s] [34mcolcon.colcon_core.package_identification[0m [1;30mLevel 1[0m _identify(yolox_ros/yolox_ros_py/launch) by extension 'cmake'
[1.149s] [34mcolcon.colcon_core.package_identification[0m [1;30mLevel 1[0m _identify(yolox_ros/yolox_ros_py/launch) by extension 'python'
[1.149s] [34mcolcon.colcon_core.package_identification[0m [1;30mLevel 1[0m _identify(yolox_ros/yolox_ros_py/launch) by extensions ['python_setup_py']
[1.149s] [34mcolcon.colcon_core.package_identification[0m [1;30mLevel 1[0m _identify(yolox_ros/yolox_ros_py/launch) by extension 'python_setup_py'
[1.149s] [34mcolcon.colcon_core.package_identification[0m [1;30mLevel 1[0m _identify(yolox_ros/yolox_ros_py/resource) by extensions ['ignore', 'ignore_ament_install']
[1.149s] [34mcolcon.colcon_core.package_identification[0m [1;30mLevel 1[0m _identify(yolox_ros/yolox_ros_py/resource) by extension 'ignore'
[1.149s] [34mcolcon.colcon_core.package_identification[0m [1;30mLevel 1[0m _identify(yolox_ros/yolox_ros_py/resource) by extension 'ignore_ament_install'
[1.149s] [34mcolcon.colcon_core.package_identification[0m [1;30mLevel 1[0m _identify(yolox_ros/yolox_ros_py/resource) by extensions ['colcon_pkg']
[1.149s] [34mcolcon.colcon_core.package_identification[0m [1;30mLevel 1[0m _identify(yolox_ros/yolox_ros_py/resource) by extension 'colcon_pkg'
[1.149s] [34mcolcon.colcon_core.package_identification[0m [1;30mLevel 1[0m _identify(yolox_ros/yolox_ros_py/resource) by extensions ['colcon_meta']
[1.149s] [34mcolcon.colcon_core.package_identification[0m [1;30mLevel 1[0m _identify(yolox_ros/yolox_ros_py/resource) by extension 'colcon_meta'
[1.149s] [34mcolcon.colcon_core.package_identification[0m [1;30mLevel 1[0m _identify(yolox_ros/yolox_ros_py/resource) by extensions ['ros']
[1.149s] [34mcolcon.colcon_core.package_identification[0m [1;30mLevel 1[0m _identify(yolox_ros/yolox_ros_py/resource) by extension 'ros'
[1.149s] [34mcolcon.colcon_core.package_identification[0m [1;30mLevel 1[0m _identify(yolox_ros/yolox_ros_py/resource) by extensions ['cmake', 'python']
[1.149s] [34mcolcon.colcon_core.package_identification[0m [1;30mLevel 1[0m _identify(yolox_ros/yolox_ros_py/resource) by extension 'cmake'
[1.149s] [34mcolcon.colcon_core.package_identification[0m [1;30mLevel 1[0m _identify(yolox_ros/yolox_ros_py/resource) by extension 'python'
[1.149s] [34mcolcon.colcon_core.package_identification[0m [1;30mLevel 1[0m _identify(yolox_ros/yolox_ros_py/resource) by extensions ['python_setup_py']
[1.149s] [34mcolcon.colcon_core.package_identification[0m [1;30mLevel 1[0m _identify(yolox_ros/yolox_ros_py/resource) by extension 'python_setup_py'
[1.150s] [34mcolcon.colcon_core.package_identification[0m [1;30mLevel 1[0m _identify(yolox_ros/yolox_ros_py/yolox_ros_py) by extensions ['ignore', 'ignore_ament_install']
[1.150s] [34mcolcon.colcon_core.package_identification[0m [1;30mLevel 1[0m _identify(yolox_ros/yolox_ros_py/yolox_ros_py) by extension 'ignore'
[1.150s] [34mcolcon.colcon_core.package_identification[0m [1;30mLevel 1[0m _identify(yolox_ros/yolox_ros_py/yolox_ros_py) by extension 'ignore_ament_install'
[1.150s] [34mcolcon.colcon_core.package_identification[0m [1;30mLevel 1[0m _identify(yolox_ros/yolox_ros_py/yolox_ros_py) by extensions ['colcon_pkg']
[1.150s] [34mcolcon.colcon_core.package_identification[0m [1;30mLevel 1[0m _identify(yolox_ros/yolox_ros_py/yolox_ros_py) by extension 'colcon_pkg'
[1.150s] [34mcolcon.colcon_core.package_identification[0m [1;30mLevel 1[0m _identify(yolox_ros/yolox_ros_py/yolox_ros_py) by extensions ['colcon_meta']
[1.150s] [34mcolcon.colcon_core.package_identification[0m [1;30mLevel 1[0m _identify(yolox_ros/yolox_ros_py/yolox_ros_py) by extension 'colcon_meta'
[1.150s] [34mcolcon.colcon_core.package_identification[0m [1;30mLevel 1[0m _identify(yolox_ros/yolox_ros_py/yolox_ros_py) by extensions ['ros']
[1.150s] [34mcolcon.colcon_core.package_identification[0m [1;30mLevel 1[0m _identify(yolox_ros/yolox_ros_py/yolox_ros_py) by extension 'ros'
[1.150s] [34mcolcon.colcon_core.package_identification[0m [1;30mLevel 1[0m _identify(yolox_ros/yolox_ros_py/yolox_ros_py) by extensions ['cmake', 'python']
[1.150s] [34mcolcon.colcon_core.package_identification[0m [1;30mLevel 1[0m _identify(yolox_ros/yolox_ros_py/yolox_ros_py) by extension 'cmake'
[1.150s] [34mcolcon.colcon_core.package_identification[0m [1;30mLevel 1[0m _identify(yolox_ros/yolox_ros_py/yolox_ros_py) by extension 'python'
[1.150s] [34mcolcon.colcon_core.package_identification[0m [1;30mLevel 1[0m _identify(yolox_ros/yolox_ros_py/yolox_ros_py) by extensions ['python_setup_py']
[1.150s] [34mcolcon.colcon_core.package_identification[0m [1;30mLevel 1[0m _identify(yolox_ros/yolox_ros_py/yolox_ros_py) by extension 'python_setup_py'
[1.150s] [34mcolcon.colcon_core.package_identification[0m [1;30mLevel 1[0m _identify(yolox_ros/yolox_ros_py/yolox_ros_py/module_tflite) by extensions ['ignore', 'ignore_ament_install']
[1.150s] [34mcolcon.colcon_core.package_identification[0m [1;30mLevel 1[0m _identify(yolox_ros/yolox_ros_py/yolox_ros_py/module_tflite) by extension 'ignore'
[1.150s] [34mcolcon.colcon_core.package_identification[0m [1;30mLevel 1[0m _identify(yolox_ros/yolox_ros_py/yolox_ros_py/module_tflite) by extension 'ignore_ament_install'
[1.150s] [34mcolcon.colcon_core.package_identification[0m [1;30mLevel 1[0m _identify(yolox_ros/yolox_ros_py/yolox_ros_py/module_tflite) by extensions ['colcon_pkg']
[1.150s] [34mcolcon.colcon_core.package_identification[0m [1;30mLevel 1[0m _identify(yolox_ros/yolox_ros_py/yolox_ros_py/module_tflite) by extension 'colcon_pkg'
[1.150s] [34mcolcon.colcon_core.package_identification[0m [1;30mLevel 1[0m _identify(yolox_ros/yolox_ros_py/yolox_ros_py/module_tflite) by extensions ['colcon_meta']
[1.150s] [34mcolcon.colcon_core.package_identification[0m [1;30mLevel 1[0m _identify(yolox_ros/yolox_ros_py/yolox_ros_py/module_tflite) by extension 'colcon_meta'
[1.150s] [34mcolcon.colcon_core.package_identification[0m [1;30mLevel 1[0m _identify(yolox_ros/yolox_ros_py/yolox_ros_py/module_tflite) by extensions ['ros']
[1.150s] [34mcolcon.colcon_core.package_identification[0m [1;30mLevel 1[0m _identify(yolox_ros/yolox_ros_py/yolox_ros_py/module_tflite) by extension 'ros'
[1.150s] [34mcolcon.colcon_core.package_identification[0m [1;30mLevel 1[0m _identify(yolox_ros/yolox_ros_py/yolox_ros_py/module_tflite) by extensions ['cmake', 'python']
[1.150s] [34mcolcon.colcon_core.package_identification[0m [1;30mLevel 1[0m _identify(yolox_ros/yolox_ros_py/yolox_ros_py/module_tflite) by extension 'cmake'
[1.151s] [34mcolcon.colcon_core.package_identification[0m [1;30mLevel 1[0m _identify(yolox_ros/yolox_ros_py/yolox_ros_py/module_tflite) by extension 'python'
[1.151s] [34mcolcon.colcon_core.package_identification[0m [1;30mLevel 1[0m _identify(yolox_ros/yolox_ros_py/yolox_ros_py/module_tflite) by extensions ['python_setup_py']
[1.151s] [34mcolcon.colcon_core.package_identification[0m [1;30mLevel 1[0m _identify(yolox_ros/yolox_ros_py/yolox_ros_py/module_tflite) by extension 'python_setup_py'
[1.151s] [34mcolcon.colcon_core.package_identification[0m [1;30mLevel 1[0m _identify(yolox_ros/yolox_ros_py/yolox_ros_py/yolox_ros_py_utils) by extensions ['ignore', 'ignore_ament_install']
[1.151s] [34mcolcon.colcon_core.package_identification[0m [1;30mLevel 1[0m _identify(yolox_ros/yolox_ros_py/yolox_ros_py/yolox_ros_py_utils) by extension 'ignore'
[1.151s] [34mcolcon.colcon_core.package_identification[0m [1;30mLevel 1[0m _identify(yolox_ros/yolox_ros_py/yolox_ros_py/yolox_ros_py_utils) by extension 'ignore_ament_install'
[1.151s] [34mcolcon.colcon_core.package_identification[0m [1;30mLevel 1[0m _identify(yolox_ros/yolox_ros_py/yolox_ros_py/yolox_ros_py_utils) by extensions ['colcon_pkg']
[1.151s] [34mcolcon.colcon_core.package_identification[0m [1;30mLevel 1[0m _identify(yolox_ros/yolox_ros_py/yolox_ros_py/yolox_ros_py_utils) by extension 'colcon_pkg'
[1.151s] [34mcolcon.colcon_core.package_identification[0m [1;30mLevel 1[0m _identify(yolox_ros/yolox_ros_py/yolox_ros_py/yolox_ros_py_utils) by extensions ['colcon_meta']
[1.151s] [34mcolcon.colcon_core.package_identification[0m [1;30mLevel 1[0m _identify(yolox_ros/yolox_ros_py/yolox_ros_py/yolox_ros_py_utils) by extension 'colcon_meta'
[1.151s] [34mcolcon.colcon_core.package_identification[0m [1;30mLevel 1[0m _identify(yolox_ros/yolox_ros_py/yolox_ros_py/yolox_ros_py_utils) by extensions ['ros']
[1.151s] [34mcolcon.colcon_core.package_identification[0m [1;30mLevel 1[0m _identify(yolox_ros/yolox_ros_py/yolox_ros_py/yolox_ros_py_utils) by extension 'ros'
[1.151s] [34mcolcon.colcon_core.package_identification[0m [1;30mLevel 1[0m _identify(yolox_ros/yolox_ros_py/yolox_ros_py/yolox_ros_py_utils) by extensions ['cmake', 'python']
[1.151s] [34mcolcon.colcon_core.package_identification[0m [1;30mLevel 1[0m _identify(yolox_ros/yolox_ros_py/yolox_ros_py/yolox_ros_py_utils) by extension 'cmake'
[1.151s] [34mcolcon.colcon_core.package_identification[0m [1;30mLevel 1[0m _identify(yolox_ros/yolox_ros_py/yolox_ros_py/yolox_ros_py_utils) by extension 'python'
[1.151s] [34mcolcon.colcon_core.package_identification[0m [1;30mLevel 1[0m _identify(yolox_ros/yolox_ros_py/yolox_ros_py/yolox_ros_py_utils) by extensions ['python_setup_py']
[1.151s] [34mcolcon.colcon_core.package_identification[0m [1;30mLevel 1[0m _identify(yolox_ros/yolox_ros_py/yolox_ros_py/yolox_ros_py_utils) by extension 'python_setup_py'
[1.151s] [34mcolcon.colcon_core.package_discovery[0m [1;30mLevel 1[0m discover_packages(recursive) using defaults
[1.151s] [34mcolcon.colcon_core.package_discovery[0m [1;30mLevel 1[0m discover_packages(ignore) discover
[1.151s] [34mcolcon.colcon_core.package_discovery[0m [1;30mLevel 1[0m discover_packages(ignore) using defaults
[1.151s] [34mcolcon.colcon_core.package_discovery[0m [1;30mLevel 1[0m discover_packages(path) discover
[1.151s] [34mcolcon.colcon_core.package_discovery[0m [1;30mLevel 1[0m discover_packages(path) using defaults
[1.252s] [34mcolcon.colcon_core.package_discovery[0m [1;30mLevel 1[0m discover_packages(prefix_path) check parameters
[1.252s] [34mcolcon.colcon_core.package_discovery[0m [1;30mLevel 1[0m discover_packages(prefix_path) discover
[1.289s] [34mcolcon.colcon_installed_package_information.package_discovery[0m [1;30mDEBUG[0m [32mFound 33 installed packages in /home/haru/ros2_ws/install[0m
[1.306s] [34mcolcon.colcon_installed_package_information.package_discovery[0m [1;30mDEBUG[0m [32mFound 4 installed packages in /home/haru/ros2_ws/src/YOLOX-ROS/install[0m
[1.324s] [34mcolcon.colcon_installed_package_information.package_discovery[0m [1;30mDEBUG[0m [32mFound 389 installed packages in /opt/ros/humble[0m
[1.326s] [34mcolcon.colcon_core.package_discovery[0m [1;30mLevel 1[0m discover_packages(prefix_path) using defaults
[1.419s] [34mcolcon.colcon_core.verb[0m [1;30mLevel 5[0m set package 'yolox_cpp' build argument 'cmake_args' from command line to 'None'
[1.419s] [34mcolcon.colcon_core.verb[0m [1;30mLevel 5[0m set package 'yolox_cpp' build argument 'cmake_target' from command line to 'None'
[1.419s] [34mcolcon.colcon_core.verb[0m [1;30mLevel 5[0m set package 'yolox_cpp' build argument 'cmake_target_skip_unavailable' from command line to 'False'
[1.419s] [34mcolcon.colcon_core.verb[0m [1;30mLevel 5[0m set package 'yolox_cpp' build argument 'cmake_clean_cache' from command line to 'False'
[1.419s] [34mcolcon.colcon_core.verb[0m [1;30mLevel 5[0m set package 'yolox_cpp' build argument 'cmake_clean_first' from command line to 'False'
[1.419s] [34mcolcon.colcon_core.verb[0m [1;30mLevel 5[0m set package 'yolox_cpp' build argument 'cmake_force_configure' from command line to 'False'
[1.419s] [34mcolcon.colcon_core.verb[0m [1;30mLevel 5[0m set package 'yolox_cpp' build argument 'ament_cmake_args' from command line to 'None'
[1.419s] [34mcolcon.colcon_core.verb[0m [1;30mLevel 5[0m set package 'yolox_cpp' build argument 'catkin_cmake_args' from command line to 'None'
[1.419s] [34mcolcon.colcon_core.verb[0m [1;30mLevel 5[0m set package 'yolox_cpp' build argument 'catkin_skip_building_tests' from command line to 'False'
[1.419s] [34mcolcon.colcon_core.verb[0m [1;30mDEBUG[0m [32mBuilding package 'yolox_cpp' with the following arguments: {'ament_cmake_args': None, 'build_base': '/home/haru/ros2_ws/src/detector2d/detector2d_plugins/src/build/yolox_cpp', 'catkin_cmake_args': None, 'catkin_skip_building_tests': False, 'cmake_args': None, 'cmake_clean_cache': False, 'cmake_clean_first': False, 'cmake_force_configure': False, 'cmake_target': None, 'cmake_target_skip_unavailable': False, 'install_base': '/home/haru/ros2_ws/src/detector2d/detector2d_plugins/src/install/yolox_cpp', 'merge_install': False, 'path': '/home/haru/ros2_ws/src/detector2d/detector2d_plugins/src/yolox_ros/yolox_ros_cpp/yolox_cpp', 'symlink_install': False, 'test_result_base': None}[0m
[1.436s] [34mcolcon.colcon_core.verb[0m [1;30mLevel 5[0m set package 'yolox_param' build argument 'cmake_args' from command line to 'None'
[1.436s] [34mcolcon.colcon_core.verb[0m [1;30mLevel 5[0m set package 'yolox_param' build argument 'cmake_target' from command line to 'None'
[1.436s] [34mcolcon.colcon_core.verb[0m [1;30mLevel 5[0m set package 'yolox_param' build argument 'cmake_target_skip_unavailable' from command line to 'False'
[1.436s] [34mcolcon.colcon_core.verb[0m [1;30mLevel 5[0m set package 'yolox_param' build argument 'cmake_clean_cache' from command line to 'False'
[1.436s] [34mcolcon.colcon_core.verb[0m [1;30mLevel 5[0m set package 'yolox_param' build argument 'cmake_clean_first' from command line to 'False'
[1.436s] [34mcolcon.colcon_core.verb[0m [1;30mLevel 5[0m set package 'yolox_param' build argument 'cmake_force_configure' from command line to 'False'
[1.436s] [34mcolcon.colcon_core.verb[0m [1;30mLevel 5[0m set package 'yolox_param' build argument 'ament_cmake_args' from command line to 'None'
[1.436s] [34mcolcon.colcon_core.verb[0m [1;30mLevel 5[0m set package 'yolox_param' build argument 'catkin_cmake_args' from command line to 'None'
[1.436s] [34mcolcon.colcon_core.verb[0m [1;30mLevel 5[0m set package 'yolox_param' build argument 'catkin_skip_building_tests' from command line to 'False'
[1.436s] [34mcolcon.colcon_core.verb[0m [1;30mDEBUG[0m [32mBuilding package 'yolox_param' with the following arguments: {'ament_cmake_args': None, 'build_base': '/home/haru/ros2_ws/src/detector2d/detector2d_plugins/src/build/yolox_param', 'catkin_cmake_args': None, 'catkin_skip_building_tests': False, 'cmake_args': None, 'cmake_clean_cache': False, 'cmake_clean_first': False, 'cmake_force_configure': False, 'cmake_target': None, 'cmake_target_skip_unavailable': False, 'install_base': '/home/haru/ros2_ws/src/detector2d/detector2d_plugins/src/install/yolox_param', 'merge_install': False, 'path': '/home/haru/ros2_ws/src/detector2d/detector2d_plugins/src/yolox_ros/yolox_ros_cpp/yolox_param', 'symlink_install': False, 'test_result_base': None}[0m
[1.454s] [34mcolcon.colcon_core.verb[0m [1;30mLevel 5[0m set package 'yolox_ros_cpp' build argument 'cmake_args' from command line to 'None'
[1.454s] [34mcolcon.colcon_core.verb[0m [1;30mLevel 5[0m set package 'yolox_ros_cpp' build argument 'cmake_target' from command line to 'None'
[1.454s] [34mcolcon.colcon_core.verb[0m [1;30mLevel 5[0m set package 'yolox_ros_cpp' build argument 'cmake_target_skip_unavailable' from command line to 'False'
[1.454s] [34mcolcon.colcon_core.verb[0m [1;30mLevel 5[0m set package 'yolox_ros_cpp' build argument 'cmake_clean_cache' from command line to 'False'
[1.454s] [34mcolcon.colcon_core.verb[0m [1;30mLevel 5[0m set package 'yolox_ros_cpp' build argument 'cmake_clean_first' from command line to 'False'
[1.454s] [34mcolcon.colcon_core.verb[0m [1;30mLevel 5[0m set package 'yolox_ros_cpp' build argument 'cmake_force_configure' from command line to 'False'
[1.454s] [34mcolcon.colcon_core.verb[0m [1;30mLevel 5[0m set package 'yolox_ros_cpp' build argument 'ament_cmake_args' from command line to 'None'
[1.454s] [34mcolcon.colcon_core.verb[0m [1;30mLevel 5[0m set package 'yolox_ros_cpp' build argument 'catkin_cmake_args' from command line to 'None'
[1.454s] [34mcolcon.colcon_core.verb[0m [1;30mLevel 5[0m set package 'yolox_ros_cpp' build argument 'catkin_skip_building_tests' from command line to 'False'
[1.454s] [34mcolcon.colcon_core.verb[0m [1;30mDEBUG[0m [32mBuilding package 'yolox_ros_cpp' with the following arguments: {'ament_cmake_args': None, 'build_base': '/home/haru/ros2_ws/src/detector2d/detector2d_plugins/src/build/yolox_ros_cpp', 'catkin_cmake_args': None, 'catkin_skip_building_tests': False, 'cmake_args': None, 'cmake_clean_cache': False, 'cmake_clean_first': False, 'cmake_force_configure': False, 'cmake_target': None, 'cmake_target_skip_unavailable': False, 'install_base': '/home/haru/ros2_ws/src/detector2d/detector2d_plugins/src/install/yolox_ros_cpp', 'merge_install': False, 'path': '/home/haru/ros2_ws/src/detector2d/detector2d_plugins/src/yolox_ros/yolox_ros_cpp/yolox_ros_cpp', 'symlink_install': False, 'test_result_base': None}[0m
[1.470s] [34mcolcon.colcon_core.executor[0m [1;30mINFO[0m Executing jobs using 'parallel' executor
[1.488s] [34mcolcon.colcon_parallel_executor.executor.parallel[0m [1;30mDEBUG[0m [32mrun_until_complete[0m
[1.488s] [34mcolcon.colcon_ros.task.ament_cmake.build[0m [1;30mINFO[0m Building ROS package in '/home/haru/ros2_ws/src/detector2d/detector2d_plugins/src/yolox_ros/yolox_ros_cpp/yolox_cpp' with build type 'ament_cmake'
[1.489s] [34mcolcon.colcon_cmake.task.cmake.build[0m [1;30mINFO[0m Building CMake package in '/home/haru/ros2_ws/src/detector2d/detector2d_plugins/src/yolox_ros/yolox_ros_cpp/yolox_cpp'
[1.507s] [34mcolcon.colcon_core.plugin_system[0m [1;30mINFO[0m Skipping extension 'colcon_core.shell.bat': Not used on non-Windows systems
[1.507s] [34mcolcon.colcon_core.shell[0m [1;30mINFO[0m Skip shell extension 'powershell' for command environment: Not usable outside of PowerShell
[1.507s] [34mcolcon.colcon_core.shell[0m [1;30mDEBUG[0m [32mSkip shell extension 'dsv' for command environment[0m
[1.577s] [34mcolcon.colcon_ros.task.ament_cmake.build[0m [1;30mINFO[0m Building ROS package in '/home/haru/ros2_ws/src/detector2d/detector2d_plugins/src/yolox_ros/yolox_ros_cpp/yolox_param' with build type 'ament_cmake'
[1.577s] [34mcolcon.colcon_cmake.task.cmake.build[0m [1;30mINFO[0m Building CMake package in '/home/haru/ros2_ws/src/detector2d/detector2d_plugins/src/yolox_ros/yolox_ros_cpp/yolox_param'
[1.593s] [34mcolcon.colcon_core.shell[0m [1;30mINFO[0m Skip shell extension 'powershell' for command environment: Not usable outside of PowerShell
[1.593s] [34mcolcon.colcon_core.shell[0m [1;30mDEBUG[0m [32mSkip shell extension 'dsv' for command environment[0m
[1.665s] [34mcolcon.colcon_core.event_handler.log_command[0m [1;30mDEBUG[0m [32mInvoking command in '/home/haru/ros2_ws/src/detector2d/detector2d_plugins/src/build/yolox_cpp': CMAKE_PREFIX_PATH=${CMAKE_PREFIX_PATH}:/home/haru/ros2_ws/install/realsense2_camera_msgs:/home/haru/ros2_ws/install/py_pubsub:/home/haru/ros2_ws/install/object_detection:/opt/ros/humble /home/haru/.local/bin/cmake /home/haru/ros2_ws/src/detector2d/detector2d_plugins/src/yolox_ros/yolox_ros_cpp/yolox_cpp -DCMAKE_INSTALL_PREFIX=/home/haru/ros2_ws/src/detector2d/detector2d_plugins/src/install/yolox_cpp[0m
[1.667s] [34mcolcon.colcon_core.event_handler.log_command[0m [1;30mDEBUG[0m [32mInvoking command in '/home/haru/ros2_ws/src/detector2d/detector2d_plugins/src/build/yolox_param': CMAKE_PREFIX_PATH=${CMAKE_PREFIX_PATH}:/home/haru/ros2_ws/install/realsense2_camera_msgs:/home/haru/ros2_ws/install/py_pubsub:/home/haru/ros2_ws/install/object_detection:/opt/ros/humble /home/haru/.local/bin/cmake /home/haru/ros2_ws/src/detector2d/detector2d_plugins/src/yolox_ros/yolox_ros_cpp/yolox_param -DCMAKE_INSTALL_PREFIX=/home/haru/ros2_ws/src/detector2d/detector2d_plugins/src/install/yolox_param[0m
[2.933s] [34mcolcon.colcon_core.event_handler.log_command[0m [1;30mDEBUG[0m [32mInvoked command in '/home/haru/ros2_ws/src/detector2d/detector2d_plugins/src/build/yolox_cpp' returned '1': CMAKE_PREFIX_PATH=${CMAKE_PREFIX_PATH}:/home/haru/ros2_ws/install/realsense2_camera_msgs:/home/haru/ros2_ws/install/py_pubsub:/home/haru/ros2_ws/install/object_detection:/opt/ros/humble /home/haru/.local/bin/cmake /home/haru/ros2_ws/src/detector2d/detector2d_plugins/src/yolox_ros/yolox_ros_cpp/yolox_cpp -DCMAKE_INSTALL_PREFIX=/home/haru/ros2_ws/src/detector2d/detector2d_plugins/src/install/yolox_cpp[0m
[2.964s] [34mcolcon.colcon_core.environment[0m [1;30mLevel 1[0m create_environment_scripts_only(yolox_cpp)
[2.982s] [34mcolcon.colcon_core.environment[0m [1;30mLevel 1[0m checking '/home/haru/ros2_ws/src/detector2d/detector2d_plugins/src/install/yolox_cpp' for CMake module files
[2.982s] [34mcolcon.colcon_core.environment[0m [1;30mLevel 1[0m checking '/home/haru/ros2_ws/src/detector2d/detector2d_plugins/src/install/yolox_cpp' for CMake config files
[2.982s] [34mcolcon.colcon_core.environment[0m [1;30mLevel 1[0m checking '/home/haru/ros2_ws/src/detector2d/detector2d_plugins/src/install/yolox_cpp/bin'
[2.982s] [34mcolcon.colcon_core.environment[0m [1;30mLevel 1[0m checking '/home/haru/ros2_ws/src/detector2d/detector2d_plugins/src/install/yolox_cpp/lib/pkgconfig/yolox_cpp.pc'
[2.982s] [34mcolcon.colcon_core.environment[0m [1;30mLevel 1[0m checking '/home/haru/ros2_ws/src/detector2d/detector2d_plugins/src/install/yolox_cpp/lib/python3.10/site-packages'
[2.983s] [34mcolcon.colcon_core.environment[0m [1;30mLevel 1[0m checking '/home/haru/ros2_ws/src/detector2d/detector2d_plugins/src/install/yolox_cpp/bin'
[2.999s] [34mcolcon.colcon_core.shell[0m [1;30mINFO[0m Creating package script '/home/haru/ros2_ws/src/detector2d/detector2d_plugins/src/install/yolox_cpp/share/yolox_cpp/package.ps1'
[2.999s] [34mcolcon.colcon_core.shell[0m [1;30mINFO[0m Creating package descriptor '/home/haru/ros2_ws/src/detector2d/detector2d_plugins/src/install/yolox_cpp/share/yolox_cpp/package.dsv'
[3.000s] [34mcolcon.colcon_core.shell[0m [1;30mINFO[0m Creating package script '/home/haru/ros2_ws/src/detector2d/detector2d_plugins/src/install/yolox_cpp/share/yolox_cpp/package.sh'
[3.000s] [34mcolcon.colcon_core.shell[0m [1;30mINFO[0m Creating package script '/home/haru/ros2_ws/src/detector2d/detector2d_plugins/src/install/yolox_cpp/share/yolox_cpp/package.bash'
[3.001s] [34mcolcon.colcon_core.shell[0m [1;30mINFO[0m Creating package script '/home/haru/ros2_ws/src/detector2d/detector2d_plugins/src/install/yolox_cpp/share/yolox_cpp/package.zsh'
[3.001s] [34mcolcon.colcon_core.environment[0m [1;30mLevel 1[0m create_file_with_runtime_dependencies(/home/haru/ros2_ws/src/detector2d/detector2d_plugins/src/install/yolox_cpp/share/colcon-core/packages/yolox_cpp)
[3.799s] [34mcolcon.colcon_parallel_executor.executor.parallel[0m [1;30mDEBUG[0m [32mclosing loop[0m
[3.799s] [34mcolcon.colcon_parallel_executor.executor.parallel[0m [1;30mDEBUG[0m [32mloop closed[0m
[3.799s] [34mcolcon.colcon_parallel_executor.executor.parallel[0m [1;30mDEBUG[0m [32mrun_until_complete finished with '1'[0m
[3.800s] [34mcolcon.colcon_core.event_reactor[0m [1;30mDEBUG[0m [32mjoining thread[0m
[3.827s] [34mcolcon.colcon_core.plugin_system[0m [1;30mINFO[0m Skipping extension 'colcon_notification.desktop_notification.terminal_notifier': Not used on non-Darwin systems
[3.827s] [34mcolcon.colcon_core.plugin_system[0m [1;30mINFO[0m Skipping extension 'colcon_notification.desktop_notification.win32': Not used on non-Windows systems
[3.827s] [34mcolcon.colcon_notification.desktop_notification[0m [1;30mINFO[0m Sending desktop notification using 'notify2'
[3.836s] [34mcolcon.colcon_core.event_reactor[0m [1;30mDEBUG[0m [32mjoined thread[0m
[3.854s] [34mcolcon.colcon_core.shell[0m [1;30mINFO[0m Creating prefix script '/home/haru/ros2_ws/src/detector2d/detector2d_plugins/src/install/local_setup.ps1'
[3.855s] [34mcolcon.colcon_core.shell[0m [1;30mINFO[0m Creating prefix util module '/home/haru/ros2_ws/src/detector2d/detector2d_plugins/src/install/_local_setup_util_ps1.py'
[3.856s] [34mcolcon.colcon_core.shell[0m [1;30mINFO[0m Creating prefix chain script '/home/haru/ros2_ws/src/detector2d/detector2d_plugins/src/install/setup.ps1'
[3.876s] [34mcolcon.colcon_core.shell[0m [1;30mINFO[0m Creating prefix script '/home/haru/ros2_ws/src/detector2d/detector2d_plugins/src/install/local_setup.sh'
[3.876s] [34mcolcon.colcon_core.shell[0m [1;30mINFO[0m Creating prefix util module '/home/haru/ros2_ws/src/detector2d/detector2d_plugins/src/install/_local_setup_util_sh.py'
[3.876s] [34mcolcon.colcon_core.shell[0m [1;30mINFO[0m Creating prefix chain script '/home/haru/ros2_ws/src/detector2d/detector2d_plugins/src/install/setup.sh'
[3.898s] [34mcolcon.colcon_core.shell[0m [1;30mINFO[0m Creating prefix script '/home/haru/ros2_ws/src/detector2d/detector2d_plugins/src/install/local_setup.bash'
[3.898s] [34mcolcon.colcon_core.shell[0m [1;30mINFO[0m Creating prefix chain script '/home/haru/ros2_ws/src/detector2d/detector2d_plugins/src/install/setup.bash'
[3.919s] [34mcolcon.colcon_core.shell[0m [1;30mINFO[0m Creating prefix script '/home/haru/ros2_ws/src/detector2d/detector2d_plugins/src/install/local_setup.zsh'
[3.919s] [34mcolcon.colcon_core.shell[0m [1;30mINFO[0m Creating prefix chain script '/home/haru/ros2_ws/src/detector2d/detector2d_plugins/src/install/setup.zsh'
